This file contains any messages produced by compilers while
running configure, to aid debugging if configure makes a mistake.

It was created by libebpfflow configure 1.0.1, which was
generated by GNU Autoconf 2.69.  Invocation command line was

  $ ./configure 

## --------- ##
## Platform. ##
## --------- ##

hostname = fc523f2c50236e520b0ef263376b9bc9
uname -m = x86_64
uname -r = 5.4.96-201bs.el7.x86_64
uname -s = Linux
uname -v = #1 SMP Mon May 9 14:17:13 CST 2022

/usr/bin/uname -p = x86_64
/bin/uname -X     = unknown

/bin/arch              = x86_64
/usr/bin/arch -k       = unknown
/usr/convex/getsysinfo = unknown
/usr/bin/hostinfo      = unknown
/bin/machine           = unknown
/usr/bin/oslevel       = unknown
/bin/universe          = unknown

PATH: /usr/local/sbin
PATH: /usr/local/bin
PATH: /usr/sbin
PATH: /usr/bin
PATH: /root/bin


## ----------- ##
## Core tests. ##
## ----------- ##

configure:1908: checking for gcc
configure:1924: found /usr/bin/gcc
configure:1935: result: gcc
configure:2164: checking for C compiler version
configure:2173: gcc --version >&5
gcc (GCC) 4.8.5 20150623 (Red Hat 4.8.5-44)
Copyright (C) 2015 Free Software Foundation, Inc.
This is free software; see the source for copying conditions.  There is NO
warranty; not even for MERCHANTABILITY or FITNESS FOR A PARTICULAR PURPOSE.

configure:2184: $? = 0
configure:2173: gcc -v >&5
Using built-in specs.
COLLECT_GCC=gcc
COLLECT_LTO_WRAPPER=/usr/libexec/gcc/x86_64-redhat-linux/4.8.5/lto-wrapper
Target: x86_64-redhat-linux
Configured with: ../configure --prefix=/usr --mandir=/usr/share/man --infodir=/usr/share/info --with-bugurl=http://bugzilla.redhat.com/bugzilla --enable-bootstrap --enable-shared --enable-threads=posix --enable-checking=release --with-system-zlib --enable-__cxa_atexit --disable-libunwind-exceptions --enable-gnu-unique-object --enable-linker-build-id --with-linker-hash-style=gnu --enable-languages=c,c++,objc,obj-c++,java,fortran,ada,go,lto --enable-plugin --enable-initfini-array --disable-libgcj --with-isl=/builddir/build/BUILD/gcc-4.8.5-20150702/obj-x86_64-redhat-linux/isl-install --with-cloog=/builddir/build/BUILD/gcc-4.8.5-20150702/obj-x86_64-redhat-linux/cloog-install --enable-gnu-indirect-function --with-tune=generic --with-arch_32=x86-64 --build=x86_64-redhat-linux
Thread model: posix
gcc version 4.8.5 20150623 (Red Hat 4.8.5-44) (GCC) 
configure:2184: $? = 0
configure:2173: gcc -V >&5
gcc: error: unrecognized command line option '-V'
gcc: fatal error: no input files
compilation terminated.
configure:2184: $? = 4
configure:2173: gcc -qversion >&5
gcc: error: unrecognized command line option '-qversion'
gcc: fatal error: no input files
compilation terminated.
configure:2184: $? = 4
configure:2204: checking whether the C compiler works
configure:2226: gcc    conftest.c  >&5
configure:2230: $? = 0
configure:2278: result: yes
configure:2281: checking for C compiler default output file name
configure:2283: result: a.out
configure:2289: checking for suffix of executables
configure:2296: gcc -o conftest    conftest.c  >&5
configure:2300: $? = 0
configure:2322: result: 
configure:2344: checking whether we are cross compiling
configure:2352: gcc -o conftest    conftest.c  >&5
configure:2356: $? = 0
configure:2363: ./conftest
configure:2367: $? = 0
configure:2382: result: no
configure:2387: checking for suffix of object files
configure:2409: gcc -c   conftest.c >&5
configure:2413: $? = 0
configure:2434: result: o
configure:2438: checking whether we are using the GNU C compiler
configure:2457: gcc -c   conftest.c >&5
configure:2457: $? = 0
configure:2466: result: yes
configure:2475: checking whether gcc accepts -g
configure:2495: gcc -c -g  conftest.c >&5
configure:2495: $? = 0
configure:2536: result: yes
configure:2553: checking for gcc option to accept ISO C89
configure:2616: gcc  -c -g -O2  conftest.c >&5
configure:2616: $? = 0
configure:2629: result: none needed
configure:2654: checking how to run the C preprocessor
configure:2685: gcc -E  conftest.c
configure:2685: $? = 0
configure:2699: gcc -E  conftest.c
conftest.c:9:28: fatal error: ac_nonexistent.h: No such file or directory
 #include <ac_nonexistent.h>
                            ^
compilation terminated.
configure:2699: $? = 1
configure: failed program was:
| /* confdefs.h */
| #define PACKAGE_NAME "libebpfflow"
| #define PACKAGE_TARNAME "libebpfflow"
| #define PACKAGE_VERSION "1.0.1"
| #define PACKAGE_STRING "libebpfflow 1.0.1"
| #define PACKAGE_BUGREPORT ""
| #define PACKAGE_URL ""
| /* end confdefs.h.  */
| #include <ac_nonexistent.h>
configure:2724: result: gcc -E
configure:2744: gcc -E  conftest.c
configure:2744: $? = 0
configure:2758: gcc -E  conftest.c
conftest.c:9:28: fatal error: ac_nonexistent.h: No such file or directory
 #include <ac_nonexistent.h>
                            ^
compilation terminated.
configure:2758: $? = 1
configure: failed program was:
| /* confdefs.h */
| #define PACKAGE_NAME "libebpfflow"
| #define PACKAGE_TARNAME "libebpfflow"
| #define PACKAGE_VERSION "1.0.1"
| #define PACKAGE_STRING "libebpfflow 1.0.1"
| #define PACKAGE_BUGREPORT ""
| #define PACKAGE_URL ""
| /* end confdefs.h.  */
| #include <ac_nonexistent.h>
configure:2844: checking for g++
configure:2860: found /usr/bin/g++
configure:2871: result: g++
configure:2898: checking for C++ compiler version
configure:2907: g++ --version >&5
g++ (GCC) 4.8.5 20150623 (Red Hat 4.8.5-44)
Copyright (C) 2015 Free Software Foundation, Inc.
This is free software; see the source for copying conditions.  There is NO
warranty; not even for MERCHANTABILITY or FITNESS FOR A PARTICULAR PURPOSE.

configure:2918: $? = 0
configure:2907: g++ -v >&5
Using built-in specs.
COLLECT_GCC=g++
COLLECT_LTO_WRAPPER=/usr/libexec/gcc/x86_64-redhat-linux/4.8.5/lto-wrapper
Target: x86_64-redhat-linux
Configured with: ../configure --prefix=/usr --mandir=/usr/share/man --infodir=/usr/share/info --with-bugurl=http://bugzilla.redhat.com/bugzilla --enable-bootstrap --enable-shared --enable-threads=posix --enable-checking=release --with-system-zlib --enable-__cxa_atexit --disable-libunwind-exceptions --enable-gnu-unique-object --enable-linker-build-id --with-linker-hash-style=gnu --enable-languages=c,c++,objc,obj-c++,java,fortran,ada,go,lto --enable-plugin --enable-initfini-array --disable-libgcj --with-isl=/builddir/build/BUILD/gcc-4.8.5-20150702/obj-x86_64-redhat-linux/isl-install --with-cloog=/builddir/build/BUILD/gcc-4.8.5-20150702/obj-x86_64-redhat-linux/cloog-install --enable-gnu-indirect-function --with-tune=generic --with-arch_32=x86-64 --build=x86_64-redhat-linux
Thread model: posix
gcc version 4.8.5 20150623 (Red Hat 4.8.5-44) (GCC) 
configure:2918: $? = 0
configure:2907: g++ -V >&5
g++: error: unrecognized command line option '-V'
g++: fatal error: no input files
compilation terminated.
configure:2918: $? = 4
configure:2907: g++ -qversion >&5
g++: error: unrecognized command line option '-qversion'
g++: fatal error: no input files
compilation terminated.
configure:2918: $? = 4
configure:2922: checking whether we are using the GNU C++ compiler
configure:2941: g++ -c   conftest.cpp >&5
configure:2941: $? = 0
configure:2950: result: yes
configure:2959: checking whether g++ accepts -g
configure:2979: g++ -c -g  conftest.cpp >&5
configure:2979: $? = 0
configure:3020: result: yes
configure:3063: checking eBPF library new API version
configure:3081: g++ -c -g -O2  conftest.cpp >&5
In file included from /usr/include/c++/4.8.2/cstdint:35:0,
                 from /usr/include/bcc/BPF.h:20,
                 from conftest.cpp:10:
/usr/include/c++/4.8.2/bits/c++0x_warning.h:32:2: error: #error This file requires compiler and library support for the ISO C++ 2011 standard. This support is currently experimental, and must be enabled with the -std=c++11 or -std=gnu++11 compiler options.
 #error This file requires compiler and library support for the \
  ^
In file included from /usr/include/bcc/table_desc.h:26:0,
                 from /usr/include/bcc/table_storage.h:26,
                 from /usr/include/bcc/bpf_module.h:26,
                 from /usr/include/bcc/BPFTable.h:31,
                 from /usr/include/bcc/BPF.h:25,
                 from conftest.cpp:10:
/usr/include/bcc/file_desc.h:28:21: error: expected ',' or '...' before '&&' token
   FileDesc(FileDesc &&that) : fd_(-1) { *this = std::move(that); }
                     ^
/usr/include/bcc/file_desc.h:28:27: error: invalid constructor; you probably meant 'ebpf::FileDesc (const ebpf::FileDesc&)'
   FileDesc(FileDesc &&that) : fd_(-1) { *this = std::move(that); }
                           ^
/usr/include/bcc/file_desc.h:42:32: error: expected ',' or '...' before '&&' token
   FileDesc &operator=(FileDesc &&that) {
                                ^
/usr/include/bcc/file_desc.h: In member function 'ebpf::FileDesc& ebpf::FileDesc::operator=(ebpf::FileDesc)':
/usr/include/bcc/file_desc.h:45:11: error: 'that' was not declared in this scope
     fd_ = that.fd_;
           ^
/usr/include/bcc/file_desc.h: In member function 'ebpf::FileDesc ebpf::FileDesc::dup() const':
/usr/include/bcc/file_desc.h:54:29: error: use of deleted function 'ebpf::FileDesc::FileDesc(const ebpf::FileDesc&)'
       return FileDesc(dup_fd);
                             ^
/usr/include/bcc/file_desc.h:29:3: error: declared here
   FileDesc(const FileDesc &that) = delete;
   ^
/usr/include/bcc/file_desc.h:56:25: error: use of deleted function 'ebpf::FileDesc::FileDesc(const ebpf::FileDesc&)'
       return FileDesc(-1);
                         ^
/usr/include/bcc/file_desc.h:29:3: error: declared here
   FileDesc(const FileDesc &that) = delete;
   ^
In file included from /usr/include/bcc/table_storage.h:26:0,
                 from /usr/include/bcc/bpf_module.h:26,
                 from /usr/include/bcc/BPFTable.h:31,
                 from /usr/include/bcc/BPF.h:25,
                 from conftest.cpp:10:
/usr/include/bcc/table_desc.h: At global scope:
/usr/include/bcc/table_desc.h:35:9: error: 'function' in namespace 'std' does not name a type
 typedef std::function<StatusTuple(const char *, void *)> sscanf_fn;
         ^
/usr/include/bcc/table_desc.h:36:9: error: 'function' in namespace 'std' does not name a type
 typedef std::function<StatusTuple(char *, size_t, const void *)> snprintf_fn;
         ^
/usr/include/bcc/table_desc.h:73:47: error: expected ',' or '...' before '&&' token
   TableDesc(const std::string &name, FileDesc &&fd, int type, size_t key_size,
                                               ^
/usr/include/bcc/table_desc.h:84:23: error: expected ',' or '...' before '&&' token
   TableDesc(TableDesc &&that) = default;
                       ^
/usr/include/bcc/table_desc.h:84:33: error: invalid constructor; you probably meant 'ebpf::TableDesc (const ebpf::TableDesc&)'
   TableDesc(TableDesc &&that) = default;
                                 ^
/usr/include/bcc/table_desc.h:86:34: error: expected ',' or '...' before '&&' token
   TableDesc &operator=(TableDesc &&that) = default;
                                  ^
/usr/include/bcc/table_desc.h:101:3: error: 'sscanf_fn' does not name a type
   sscanf_fn key_sscanf;
   ^
/usr/include/bcc/table_desc.h:102:3: error: 'sscanf_fn' does not name a type
   sscanf_fn leaf_sscanf;
   ^
/usr/include/bcc/table_desc.h:103:3: error: 'snprintf_fn' does not name a type
   snprintf_fn key_snprintf;
   ^
/usr/include/bcc/table_desc.h:104:3: error: 'snprintf_fn' does not name a type
   snprintf_fn leaf_snprintf;
   ^
/usr/include/bcc/table_desc.h:86:14: error: defaulted declaration 'ebpf::TableDesc& ebpf::TableDesc::operator=(ebpf::TableDesc)'
   TableDesc &operator=(TableDesc &&that) = default;
              ^
/usr/include/bcc/table_desc.h:86:14: error: does not match expected signature 'ebpf::TableDesc& ebpf::TableDesc::operator=(ebpf::TableDesc&)'
/usr/include/bcc/table_desc.h: In copy constructor 'ebpf::TableDesc::TableDesc(const ebpf::TableDesc&)':
/usr/include/bcc/table_desc.h:56:9: error: class 'ebpf::TableDesc' does not have any field named 'key_sscanf'
         key_sscanf(that.key_sscanf),
         ^
/usr/include/bcc/table_desc.h:56:25: error: 'const class ebpf::TableDesc' has no member named 'key_sscanf'
         key_sscanf(that.key_sscanf),
                         ^
/usr/include/bcc/table_desc.h:57:9: error: class 'ebpf::TableDesc' does not have any field named 'leaf_sscanf'
         leaf_sscanf(that.leaf_sscanf),
         ^
/usr/include/bcc/table_desc.h:57:26: error: 'const class ebpf::TableDesc' has no member named 'leaf_sscanf'
         leaf_sscanf(that.leaf_sscanf),
                          ^
/usr/include/bcc/table_desc.h:58:9: error: class 'ebpf::TableDesc' does not have any field named 'key_snprintf'
         key_snprintf(that.key_snprintf),
         ^
/usr/include/bcc/table_desc.h:58:27: error: 'const class ebpf::TableDesc' has no member named 'key_snprintf'
         key_snprintf(that.key_snprintf),
                           ^
/usr/include/bcc/table_desc.h:59:9: error: class 'ebpf::TableDesc' does not have any field named 'leaf_snprintf'
         leaf_snprintf(that.leaf_snprintf),
         ^
/usr/include/bcc/table_desc.h:59:28: error: 'const class ebpf::TableDesc' has no member named 'leaf_snprintf'
         leaf_snprintf(that.leaf_snprintf),
                            ^
/usr/include/bcc/table_desc.h:61:33: error: use of deleted function 'ebpf::FileDesc::FileDesc(const ebpf::FileDesc&)'
         is_extern(that.is_extern) {}
                                 ^
In file included from /usr/include/bcc/table_desc.h:26:0,
                 from /usr/include/bcc/table_storage.h:26,
                 from /usr/include/bcc/bpf_module.h:26,
                 from /usr/include/bcc/BPFTable.h:31,
                 from /usr/include/bcc/BPF.h:25,
                 from conftest.cpp:10:
/usr/include/bcc/file_desc.h:29:3: error: declared here
   FileDesc(const FileDesc &that) = delete;
   ^
In file included from /usr/include/bcc/table_storage.h:26:0,
                 from /usr/include/bcc/bpf_module.h:26,
                 from /usr/include/bcc/BPFTable.h:31,
                 from /usr/include/bcc/BPF.h:25,
                 from conftest.cpp:10:
/usr/include/bcc/table_desc.h: In constructor 'ebpf::TableDesc::TableDesc(const string&, ebpf::FileDesc)':
/usr/include/bcc/table_desc.h:76:12: error: 'move' is not a member of 'std'
         fd(std::move(fd)),
            ^
/usr/include/bcc/table_desc.h: At global scope:
/usr/include/bcc/table_desc.h:120:1: error: 'unique_ptr' in namespace 'std' does not name a type
 std::unique_ptr<MapTypesVisitor> createJsonMapTypesVisitor();
 ^
In file included from /usr/include/bcc/bpf_module.h:26:0,
                 from /usr/include/bcc/BPFTable.h:31,
                 from /usr/include/bcc/BPF.h:25,
                 from conftest.cpp:10:
/usr/include/bcc/table_storage.h:30:23: error: 'tuple' is not a member of 'std'
 typedef std::map<int, std::tuple<int, std::string, int, int, int, int>> fake_fd_map_def;
                       ^
/usr/include/bcc/table_storage.h:30:23: error: 'tuple' is not a member of 'std'
/usr/include/bcc/table_storage.h:30:73: error: template argument 2 is invalid
 typedef std::map<int, std::tuple<int, std::string, int, int, int, int>> fake_fd_map_def;
                                                                         ^
/usr/include/bcc/table_storage.h:30:73: error: template argument 4 is invalid
/usr/include/bcc/table_storage.h:41:29: error: expected ')' before '<' token
   Path(std::initializer_list<std::string> parts) {
                             ^
/usr/include/bcc/table_storage.h:73:29: error: expected ')' before '<' token
     iterator(std::unique_ptr<TableStorageIteratorImpl>);
                             ^
/usr/include/bcc/table_storage.h:75:23: error: expected ',' or '...' before '&&' token
     iterator(iterator &&);
                       ^
/usr/include/bcc/table_storage.h:75:25: error: invalid constructor; you probably meant 'ebpf::TableStorage::iterator (const ebpf::TableStorage::iterator&)'
     iterator(iterator &&);
                         ^
/usr/include/bcc/table_storage.h:76:34: error: expected ',' or '...' before '&&' token
     iterator &operator=(iterator &&);
                                  ^
/usr/include/bcc/table_storage.h:85:5: error: 'unique_ptr' in namespace 'std' does not name a type
     std::unique_ptr<TableStorageIteratorImpl> impl_;
     ^
/usr/include/bcc/table_storage.h:90:18: error: 'std::unique_ptr' has not been declared
   void Init(std::unique_ptr<TableStorageImpl>);
                  ^
/usr/include/bcc/table_storage.h:90:28: error: expected ',' or '...' before '<' token
   void Init(std::unique_ptr<TableStorageImpl>);
                            ^
/usr/include/bcc/table_storage.h:93:43: error: expected ',' or '...' before '&&' token
   bool Insert(const Path &path, TableDesc &&desc);
                                           ^
/usr/include/bcc/table_storage.h:97:32: error: 'std::unique_ptr' has not been declared
   void AddMapTypesVisitor(std::unique_ptr<MapTypesVisitor>);
                                ^
/usr/include/bcc/table_storage.h:97:42: error: expected ',' or '...' before '<' token
   void AddMapTypesVisitor(std::unique_ptr<MapTypesVisitor>);
                                          ^
/usr/include/bcc/table_storage.h:106:3: error: 'unique_ptr' in namespace 'std' does not name a type
   std::unique_ptr<TableStorageImpl> impl_;
   ^
/usr/include/bcc/table_storage.h:107:15: error: 'unique_ptr' is not a member of 'std'
   std::vector<std::unique_ptr<MapTypesVisitor>> visitors_;
               ^
/usr/include/bcc/table_storage.h:107:15: error: 'unique_ptr' is not a member of 'std'
/usr/include/bcc/table_storage.h:107:49: error: 'visitors_' was not declared in this scope
   std::vector<std::unique_ptr<MapTypesVisitor>> visitors_;
                                                 ^
/usr/include/bcc/table_storage.h:107:49: error: template argument 1 is invalid
/usr/include/bcc/table_storage.h:107:49: error: template argument 2 is invalid
/usr/include/bcc/table_storage.h:110:1: error: 'unique_ptr' in namespace 'std' does not name a type
 std::unique_ptr<TableStorage> createSharedTableStorage();
 ^
/usr/include/bcc/table_storage.h:111:1: error: 'unique_ptr' in namespace 'std' does not name a type
 std::unique_ptr<TableStorage> createBpfFsTableStorage();
 ^
In file included from /usr/include/bcc/BPFTable.h:31:0,
                 from /usr/include/bcc/BPF.h:25,
                 from conftest.cpp:10:
/usr/include/bcc/bpf_module.h:40:31: error: 'tuple' is not a member of 'std'
 typedef std::map<std::string, std::tuple<uint8_t *, uintptr_t, unsigned>> sec_map_def;
                               ^
/usr/include/bcc/bpf_module.h:40:31: error: 'tuple' is not a member of 'std'
/usr/include/bcc/bpf_module.h:40:72: error: spurious '>>', use '>' to terminate a template argument list
 typedef std::map<std::string, std::tuple<uint8_t *, uintptr_t, unsigned>> sec_map_def;
                                                                        ^
/usr/include/bcc/bpf_module.h:40:72: error: template argument 2 is invalid
/usr/include/bcc/bpf_module.h:40:86: error: invalid type in declaration before ';' token
 typedef std::map<std::string, std::tuple<uint8_t *, uintptr_t, unsigned>> sec_map_def;
                                                                                      ^
/usr/include/bcc/bpf_module.h:77:3: error: 'unique_ptr' in namespace 'std' does not name a type
   std::unique_ptr<llvm::ExecutionEngine> finalize_rw(std::unique_ptr<llvm::Module> mod);
   ^
/usr/include/bcc/bpf_module.h:81:29: error: 'std::unique_ptr' has not been declared
   int load_file_module(std::unique_ptr<llvm::Module> *mod, const std::string &file, bool in_memory);
                             ^
/usr/include/bcc/bpf_module.h:81:39: error: expected ',' or '...' before '<' token
   int load_file_module(std::unique_ptr<llvm::Module> *mod, const std::string &file, bool in_memory);
                                       ^
/usr/include/bcc/bpf_module.h:152:3: error: 'unique_ptr' in namespace 'std' does not name a type
   std::unique_ptr<llvm::LLVMContext> ctx_;
   ^
/usr/include/bcc/bpf_module.h:153:3: error: 'unique_ptr' in namespace 'std' does not name a type
   std::unique_ptr<llvm::ExecutionEngine> engine_;
   ^
/usr/include/bcc/bpf_module.h:154:3: error: 'unique_ptr' in namespace 'std' does not name a type
   std::unique_ptr<llvm::ExecutionEngine> rw_engine_;
   ^
/usr/include/bcc/bpf_module.h:155:3: error: 'unique_ptr' in namespace 'std' does not name a type
   std::unique_ptr<llvm::Module> mod_;
   ^
/usr/include/bcc/bpf_module.h:156:3: error: 'unique_ptr' in namespace 'std' does not name a type
   std::unique_ptr<FuncSource> func_src_;
   ^
/usr/include/bcc/bpf_module.h:168:3: error: 'unique_ptr' in namespace 'std' does not name a type
   std::unique_ptr<TableStorage> local_ts_;
   ^
/usr/include/bcc/bpf_module.h:170:3: error: 'fake_fd_map_def' does not name a type
   fake_fd_map_def fake_fd_map_;
   ^
/usr/include/bcc/bpf_module.h:173:48: error: '>>' should be '> >' within a nested template argument list
   std::map<std::string, std::vector<std::string>> perf_events_;
                                                ^
/usr/include/bcc/bpf_module.h:93:48: error: 'nullptr' was not declared in this scope
   BPFModule(unsigned flags, TableStorage *ts = nullptr, bool rw_engine_enabled = true,
                                                ^
In file included from /usr/include/bcc/BPF.h:25:0,
                 from conftest.cpp:10:
/usr/include/bcc/BPFTable.h: In member function 'ebpf::StatusTuple ebpf::BPFTableBase<KeyType, ValueType>::string_to_key(const string&, KeyType*)':
/usr/include/bcc/BPFTable.h:44:17: error: 'const class ebpf::TableDesc' has no member named 'key_sscanf'
     return desc.key_sscanf(key_str.c_str(), key);
                 ^
/usr/include/bcc/BPFTable.h: In member function 'ebpf::StatusTuple ebpf::BPFTableBase<KeyType, ValueType>::string_to_leaf(const string&, ValueType*)':
/usr/include/bcc/BPFTable.h:48:17: error: 'const class ebpf::TableDesc' has no member named 'leaf_sscanf'
     return desc.leaf_sscanf(value_str.c_str(), value);
                 ^
/usr/include/bcc/BPFTable.h: In member function 'ebpf::StatusTuple ebpf::BPFTableBase<KeyType, ValueType>::key_to_string(const KeyType*, std::string&)':
/usr/include/bcc/BPFTable.h:53:27: error: 'const class ebpf::TableDesc' has no member named 'key_snprintf'
     StatusTuple rc = desc.key_snprintf(buf, sizeof(buf), key);
                           ^
/usr/include/bcc/BPFTable.h: In member function 'ebpf::StatusTuple ebpf::BPFTableBase<KeyType, ValueType>::leaf_to_string(const ValueType*, std::string&)':
/usr/include/bcc/BPFTable.h:61:27: error: 'const class ebpf::TableDesc' has no member named 'leaf_snprintf'
     StatusTuple rc = desc.leaf_snprintf(buf, sizeof(buf), value);
                           ^
/usr/include/bcc/BPFTable.h: At global scope:
/usr/include/bcc/BPFTable.h:107:79: error: '>>' should be '> >' within a nested template argument list
   StatusTuple get_table_offline(std::vector<std::pair<std::string, std::string>> &res);
                                                                               ^
/usr/include/bcc/BPFTable.h: In constructor 'ebpf::BPFArrayTable<ValueType>::BPFArrayTable(const ebpf::TableDesc&)':
/usr/include/bcc/BPFTable.h:128:13: error: 'invalid_argument' is not a member of 'std'
       throw std::invalid_argument("Table '" + desc.name +
             ^
/usr/include/bcc/BPFTable.h: At global scope:
/usr/include/bcc/BPFTable.h:163:71: error: '>>' should be '> >' within a nested template argument list
 class BPFPercpuArrayTable : public BPFArrayTable<std::vector<ValueType>> {
                                                                       ^
/usr/include/bcc/BPFTable.h: In constructor 'ebpf::BPFPercpuArrayTable<ValueType>::BPFPercpuArrayTable(const ebpf::TableDesc&)':
/usr/include/bcc/BPFTable.h:166:44: error: '>>' should be '> >' within a nested template argument list
       : BPFArrayTable<std::vector<ValueType>>(desc),
                                            ^
/usr/include/bcc/BPFTable.h:169:13: error: 'invalid_argument' is not a member of 'std'
       throw std::invalid_argument("Table '" + desc.name +
             ^
/usr/include/bcc/BPFTable.h:174:13: error: 'invalid_argument' is not a member of 'std'
       throw std::invalid_argument("leaf must be aligned to 8 bytes");
             ^
/usr/include/bcc/BPFTable.h: In member function 'ebpf::StatusTuple ebpf::BPFPercpuArrayTable<ValueType>::get_value(const int&, std::vector<ValueType>&)':
/usr/include/bcc/BPFTable.h:179:47: error: '>>' should be '> >' within a nested template argument list
     return BPFArrayTable<std::vector<ValueType>>::get_value(index, value);
                                               ^
/usr/include/bcc/BPFTable.h: In member function 'ebpf::StatusTuple ebpf::BPFPercpuArrayTable<ValueType>::update_value(const int&, const std::vector<ValueType>&)':
/usr/include/bcc/BPFTable.h:186:47: error: '>>' should be '> >' within a nested template argument list
     return BPFArrayTable<std::vector<ValueType>>::update_value(index, value);
                                               ^
/usr/include/bcc/BPFTable.h: At global scope:
/usr/include/bcc/BPFTable.h:231:43: error: '>>' should be '> >' within a nested template argument list
   std::vector<std::pair<KeyType, ValueType>> get_table_offline() {
                                           ^
/usr/include/bcc/BPFTable.h: In constructor 'ebpf::BPFHashTable<KeyType, ValueType>::BPFHashTable(const ebpf::TableDesc&)':
/usr/include/bcc/BPFTable.h:202:13: error: 'invalid_argument' is not a member of 'std'
       throw std::invalid_argument("Table '" + desc.name +
             ^
/usr/include/bcc/BPFTable.h: In member function 'std::vector<std::pair<_T1, _T2> > ebpf::BPFHashTable<KeyType, ValueType>::get_table_offline()':
/usr/include/bcc/BPFTable.h:232:45: error: '>>' should be '> >' within a nested template argument list
     std::vector<std::pair<KeyType, ValueType>> res;
                                             ^
/usr/include/bcc/BPFTable.h: At global scope:
/usr/include/bcc/BPFTable.h:264:57: error: '>>' should be '> >' within a nested template argument list
     : public BPFHashTable<KeyType, std::vector<ValueType>> {
                                                         ^
/usr/include/bcc/BPFTable.h: In constructor 'ebpf::BPFPercpuHashTable<KeyType, ValueType>::BPFPercpuHashTable(const ebpf::TableDesc&)':
/usr/include/bcc/BPFTable.h:267:52: error: '>>' should be '> >' within a nested template argument list
       : BPFHashTable<KeyType, std::vector<ValueType>>(desc),
                                                    ^
/usr/include/bcc/BPFTable.h:271:13: error: 'invalid_argument' is not a member of 'std'
       throw std::invalid_argument("Table '" + desc.name +
             ^
/usr/include/bcc/BPFTable.h:276:13: error: 'invalid_argument' is not a member of 'std'
       throw std::invalid_argument("leaf must be aligned to 8 bytes");
             ^
/usr/include/bcc/BPFTable.h: In member function 'ebpf::StatusTuple ebpf::BPFPercpuHashTable<KeyType, ValueType>::get_value(const KeyType&, std::vector<ValueType>&)':
/usr/include/bcc/BPFTable.h:281:55: error: '>>' should be '> >' within a nested template argument list
     return BPFHashTable<KeyType, std::vector<ValueType>>::get_value(key, value);
                                                       ^
/usr/include/bcc/BPFTable.h: In member function 'ebpf::StatusTuple ebpf::BPFPercpuHashTable<KeyType, ValueType>::update_value(const KeyType&, const std::vector<ValueType>&)':
/usr/include/bcc/BPFTable.h:288:55: error: '>>' should be '> >' within a nested template argument list
     return BPFHashTable<KeyType, std::vector<ValueType>>::update_value(key,
                                                       ^
/usr/include/bcc/BPFTable.h: At global scope:
/usr/include/bcc/BPFTable.h:306:30: error: expected ',' or '...' before '&&' token
   BPFStackTable(BPFStackTable&& that);
                              ^
/usr/include/bcc/BPFTable.h:306:37: error: invalid constructor; you probably meant 'ebpf::BPFStackTable (const ebpf::BPFStackTable&)'
   BPFStackTable(BPFStackTable&& that);
                                     ^
/usr/include/bcc/BPFTable.h:356:3: error: 'unique_ptr' in namespace 'std' does not name a type
   std::unique_ptr<epoll_event[]> ep_events_;
   ^
In file included from conftest.cpp:10:0:
/usr/include/bcc/BPF.h:40:33: error: '>>' should be '> >' within a nested template argument list
   std::vector<std::pair<int, int>>* per_cpu_fd;
                                 ^
/usr/include/bcc/BPF.h:248:3: error: 'unique_ptr' in namespace 'std' does not name a type
   std::unique_ptr<std::string> syscall_prefix_;
   ^
/usr/include/bcc/BPF.h:250:3: error: 'unique_ptr' in namespace 'std' does not name a type
   std::unique_ptr<BPFModule> bpf_module_;
   ^
/usr/include/bcc/BPF.h:49:58: error: 'nullptr' was not declared in this scope
   explicit BPF(unsigned int flag = 0, TableStorage* ts = nullptr,
                                                          ^
/usr/include/bcc/BPF.h:177:62: error: 'nullptr' was not declared in this scope
                                perf_reader_lost_cb lost_cb = nullptr,
                                                              ^
/usr/include/bcc/BPF.h:178:50: error: 'nullptr' was not declared in this scope
                                void* cb_cookie = nullptr,
                                                  ^
/usr/include/bcc/BPF.h: In constructor 'ebpf::BPF::BPF(unsigned int, ebpf::TableStorage*, bool, const string&, bool)':
/usr/include/bcc/BPF.h:55:9: error: class 'ebpf::BPF' does not have any field named 'bpf_module_'
         bpf_module_(new BPFModule(flag, ts, rw_engine_enabled, maps_ns,
         ^
/usr/include/bcc/BPF.h: In member function 'ebpf::BPFTable ebpf::BPF::get_table(const string&)':
/usr/include/bcc/BPF.h:106:9: error: 'bpf_module_' was not declared in this scope
     if (bpf_module_->table_storage().Find(Path({bpf_module_->id(), name}), it))
         ^
/usr/include/bcc/BPF.h:106:73: error: no matching function for call to 'ebpf::Path::Path(<brace-enclosed initializer list>)'
     if (bpf_module_->table_storage().Find(Path({bpf_module_->id(), name}), it))
                                                                         ^
/usr/include/bcc/BPF.h:106:73: note: candidates are:
In file included from /usr/include/bcc/bpf_module.h:26:0,
                 from /usr/include/bcc/BPFTable.h:31,
                 from /usr/include/bcc/BPF.h:25,
                 from conftest.cpp:10:
/usr/include/bcc/table_storage.h:39:3: note: ebpf::Path::Path(const ebpf::Path&)
   Path(const Path &other) = default;
   ^
/usr/include/bcc/table_storage.h:39:3: note:   no known conversion for argument 1 from '<brace-enclosed initializer list>' to 'const ebpf::Path&'
/usr/include/bcc/table_storage.h:38:3: note: ebpf::Path::Path()
   Path() = default;
   ^
/usr/include/bcc/table_storage.h:38:3: note:   candidate expects 0 arguments, 1 provided
In file included from conftest.cpp:10:0:
/usr/include/bcc/BPF.h: In member function 'ebpf::BPFArrayTable<ValueType> ebpf::BPF::get_array_table(const string&)':
/usr/include/bcc/BPF.h:114:9: error: 'bpf_module_' was not declared in this scope
     if (bpf_module_->table_storage().Find(Path({bpf_module_->id(), name}), it))
         ^
/usr/include/bcc/BPF.h: In member function 'ebpf::BPFPercpuArrayTable<ValueType> ebpf::BPF::get_percpu_array_table(const string&)':
/usr/include/bcc/BPF.h:123:9: error: 'bpf_module_' was not declared in this scope
     if (bpf_module_->table_storage().Find(Path({bpf_module_->id(), name}), it))
         ^
/usr/include/bcc/BPF.h: In member function 'ebpf::BPFHashTable<KeyType, ValueType> ebpf::BPF::get_hash_table(const string&)':
/usr/include/bcc/BPF.h:131:9: error: 'bpf_module_' was not declared in this scope
     if (bpf_module_->table_storage().Find(Path({bpf_module_->id(), name}), it))
         ^
/usr/include/bcc/BPF.h: In member function 'ebpf::BPFPercpuHashTable<KeyType, ValueType> ebpf::BPF::get_percpu_hash_table(const string&)':
/usr/include/bcc/BPF.h:140:9: error: 'bpf_module_' was not declared in this scope
     if (bpf_module_->table_storage().Find(Path({bpf_module_->id(), name}), it))
         ^
/usr/include/bcc/BPF.h: At global scope:
/usr/include/bcc/BPF.h:273:12: error: expected ',' or '...' before '&&' token
   USDT(USDT&& usdt) noexcept;
            ^
/usr/include/bcc/BPF.h:273:19: error: invalid constructor; you probably meant 'ebpf::USDT (const ebpf::USDT&)'
   USDT(USDT&& usdt) noexcept;
                   ^
/usr/include/bcc/BPF.h:273:19: error: expected ';' at end of member declaration
/usr/include/bcc/BPF.h:273:21: error: 'noexcept' does not name a type
   USDT(USDT&& usdt) noexcept;
                     ^
/usr/include/bcc/BPF.h:300:3: error: 'unique_ptr' in namespace 'std' does not name a type
   std::unique_ptr<void, std::function<void(void*)>> probe_;
   ^
/usr/include/bcc/BPF.h: In member function 'std::string ebpf::USDT::print_name() const':
/usr/include/bcc/BPF.h:281:12: error: 'to_string' is not a member of 'std'
            std::to_string(pid_) + " for probe " + probe_func_;
            ^
configure:3081: $? = 1
configure: failed program was:
| /* confdefs.h */
| #define PACKAGE_NAME "libebpfflow"
| #define PACKAGE_TARNAME "libebpfflow"
| #define PACKAGE_VERSION "1.0.1"
| #define PACKAGE_STRING "libebpfflow 1.0.1"
| #define PACKAGE_BUGREPORT ""
| #define PACKAGE_URL ""
| /* end confdefs.h.  */
| 
| #include <bcc/BPF.h>
| 
| int
| main ()
| {
|  ebpf::BPF *bpf;
| 	bpf->attach_kprobe((const char*)"", NULL, 0, BPF_PROBE_ENTRY);
| 
|   ;
|   return 0;
| }
configure:3089: result: no
configure:3103: checking for json_object_new_object in -ljson-c
configure:3128: g++ -o conftest -g -O2   conftest.cpp -ljson-c   >&5
configure:3128: $? = 0
configure:3137: result: yes
configure:3153: checking for curl_easy_init in -lcurl
configure:3178: g++ -o conftest -g -O2   conftest.cpp -lcurl  -ljson-c  >&5
configure:3178: $? = 0
configure:3187: result: yes
configure:3203: checking for zmq_socket_monitor in -lzmq
configure:3228: g++ -o conftest -g -O2   conftest.cpp -lzmq  -lcurl -ljson-c  >&5
configure:3228: $? = 0
configure:3237: result: yes
configure:3258: checking for json_object_new_double_s in -ljson-c
configure:3283: g++ -o conftest -g -O2   conftest.cpp -ljson-c  -lzmq -lcurl -ljson-c  >&5
/tmp/cch1Qub5.o: In function `main':
/root/libebpfflow/conftest.cpp:24: undefined reference to `json_object_new_double_s'
collect2: error: ld returned 1 exit status
configure:3283: $? = 1
configure: failed program was:
| /* confdefs.h */
| #define PACKAGE_NAME "libebpfflow"
| #define PACKAGE_TARNAME "libebpfflow"
| #define PACKAGE_VERSION "1.0.1"
| #define PACKAGE_STRING "libebpfflow 1.0.1"
| #define PACKAGE_BUGREPORT ""
| #define PACKAGE_URL ""
| #define EBPF_FLOW_VERSION "1.0.250523"
| #define HAVE_LIBJSON_C 1
| #define HAVE_LIBCURL 1
| #define HAVE_LIBZMQ 1
| /* end confdefs.h.  */
| 
| /* Override any GCC internal prototype to avoid an error.
|    Use char because int might match the return type of a GCC
|    builtin and then its argument prototype would still apply.  */
| #ifdef __cplusplus
| extern "C"
| #endif
| char json_object_new_double_s ();
| int
| main ()
| {
| return json_object_new_double_s ();
|   ;
|   return 0;
| }
configure:3292: result: no
configure:3423: creating ./config.status

## ---------------------- ##
## Running config.status. ##
## ---------------------- ##

This file was extended by libebpfflow config.status 1.0.1, which was
generated by GNU Autoconf 2.69.  Invocation command line was

  CONFIG_FILES    = 
  CONFIG_HEADERS  = 
  CONFIG_LINKS    = 
  CONFIG_COMMANDS = 
  $ ./config.status 

on fc523f2c50236e520b0ef263376b9bc9

config.status:793: creating Makefile
config.status:793: creating config.h

## ---------------- ##
## Cache variables. ##
## ---------------- ##

ac_cv_c_compiler_gnu=yes
ac_cv_cxx_compiler_gnu=yes
ac_cv_env_CCC_set=
ac_cv_env_CCC_value=
ac_cv_env_CC_set=
ac_cv_env_CC_value=
ac_cv_env_CFLAGS_set=
ac_cv_env_CFLAGS_value=
ac_cv_env_CPPFLAGS_set=
ac_cv_env_CPPFLAGS_value=
ac_cv_env_CPP_set=
ac_cv_env_CPP_value=
ac_cv_env_CXXFLAGS_set=
ac_cv_env_CXXFLAGS_value=
ac_cv_env_CXX_set=
ac_cv_env_CXX_value=
ac_cv_env_LDFLAGS_set=
ac_cv_env_LDFLAGS_value=
ac_cv_env_LIBS_set=
ac_cv_env_LIBS_value=
ac_cv_env_build_alias_set=
ac_cv_env_build_alias_value=
ac_cv_env_host_alias_set=
ac_cv_env_host_alias_value=
ac_cv_env_target_alias_set=
ac_cv_env_target_alias_value=
ac_cv_lib_curl_curl_easy_init=yes
ac_cv_lib_json_c_json_object_new_double_s=no
ac_cv_lib_json_c_json_object_new_object=yes
ac_cv_lib_zmq_zmq_socket_monitor=yes
ac_cv_objext=o
ac_cv_prog_CPP='gcc -E'
ac_cv_prog_ac_ct_CC=gcc
ac_cv_prog_ac_ct_CXX=g++
ac_cv_prog_cc_c89=
ac_cv_prog_cc_g=yes
ac_cv_prog_cxx_g=yes

## ----------------- ##
## Output variables. ##
## ----------------- ##

CC='gcc'
CFLAGS='-g -O2'
CPP='gcc -E'
CPPFLAGS=''
CXX='g++'
CXXFLAGS='-g -O2'
DEFS='-DHAVE_CONFIG_H'
EBPF_LIBRARY_VERSION=''
ECHO_C=''
ECHO_N='-n'
ECHO_T=''
EXEEXT=''
LDFLAGS=''
LIBOBJS=''
LIBS='-lzmq -lcurl -ljson-c '
LTLIBOBJS=''
OBJEXT='o'
PACKAGE_BUGREPORT=''
PACKAGE_NAME='libebpfflow'
PACKAGE_STRING='libebpfflow 1.0.1'
PACKAGE_TARNAME='libebpfflow'
PACKAGE_URL=''
PACKAGE_VERSION='1.0.1'
PATH_SEPARATOR=':'
SHELL='/bin/sh'
ac_ct_CC='gcc'
ac_ct_CXX='g++'
bindir='${exec_prefix}/bin'
build_alias=''
datadir='${datarootdir}'
datarootdir='${prefix}/share'
docdir='${datarootdir}/doc/${PACKAGE_TARNAME}'
dvidir='${docdir}'
exec_prefix='${prefix}'
host_alias=''
htmldir='${docdir}'
includedir='${prefix}/include'
infodir='${datarootdir}/info'
libdir='${exec_prefix}/lib'
libexecdir='${exec_prefix}/libexec'
localedir='${datarootdir}/locale'
localstatedir='${prefix}/var'
mandir='${datarootdir}/man'
oldincludedir='/usr/include'
pdfdir='${docdir}'
prefix='/usr/local'
program_transform_name='s,x,x,'
psdir='${docdir}'
sbindir='${exec_prefix}/sbin'
sharedstatedir='${prefix}/com'
sysconfdir='${prefix}/etc'
target_alias=''

## ----------- ##
## confdefs.h. ##
## ----------- ##

/* confdefs.h */
#define PACKAGE_NAME "libebpfflow"
#define PACKAGE_TARNAME "libebpfflow"
#define PACKAGE_VERSION "1.0.1"
#define PACKAGE_STRING "libebpfflow 1.0.1"
#define PACKAGE_BUGREPORT ""
#define PACKAGE_URL ""
#define EBPF_FLOW_VERSION "1.0.250523"
#define HAVE_LIBJSON_C 1
#define HAVE_LIBCURL 1
#define HAVE_LIBZMQ 1

configure: exit 0
